Analysis & Synthesis report for proj_AES_cipher
Tue May 14 11:41:29 2024
Quartus Prime Version 23.1std.0 Build 991 11/28/2023 SC Lite Edition


---------------------
; Table of Contents ;
---------------------
  1. Legal Notice
  2. Analysis & Synthesis Summary
  3. Analysis & Synthesis Settings
  4. Parallel Compilation
  5. Analysis & Synthesis Source Files Read
  6. Analysis & Synthesis Resource Usage Summary
  7. Analysis & Synthesis Resource Utilization by Entity
  8. General Register Statistics
  9. Multiplexer Restructuring Statistics (Restructuring Performed)
 10. Post-Synthesis Netlist Statistics for Top Partition
 11. Elapsed Time Per Partition
 12. Analysis & Synthesis Messages



----------------
; Legal Notice ;
----------------
Copyright (C) 2023  Intel Corporation. All rights reserved.
Your use of Intel Corporation's design tools, logic functions 
and other software and tools, and any partner logic 
functions, and any output files from any of the foregoing 
(including device programming or simulation files), and any 
associated documentation or information are expressly subject 
to the terms and conditions of the Intel Program License 
Subscription Agreement, the Intel Quartus Prime License Agreement,
the Intel FPGA IP License Agreement, or other applicable license
agreement, including, without limitation, that your use is for
the sole purpose of programming logic devices manufactured by
Intel and sold by Intel or its authorized distributors.  Please
refer to the applicable agreement for further details, at
https://fpgasoftware.intel.com/eula.



+----------------------------------------------------------------------------------+
; Analysis & Synthesis Summary                                                     ;
+---------------------------------+------------------------------------------------+
; Analysis & Synthesis Status     ; Successful - Tue May 14 11:41:29 2024          ;
; Quartus Prime Version           ; 23.1std.0 Build 991 11/28/2023 SC Lite Edition ;
; Revision Name                   ; proj_AES_cipher                                ;
; Top-level Entity Name           ; AES_cipher                                     ;
; Family                          ; Cyclone V                                      ;
; Logic utilization (in ALMs)     ; N/A                                            ;
; Total registers                 ; 8                                              ;
; Total pins                      ; 1                                              ;
; Total virtual pins              ; 28                                             ;
; Total block memory bits         ; 0                                              ;
; Total DSP Blocks                ; 0                                              ;
; Total HSSI RX PCSs              ; 0                                              ;
; Total HSSI PMA RX Deserializers ; 0                                              ;
; Total HSSI TX PCSs              ; 0                                              ;
; Total HSSI PMA TX Serializers   ; 0                                              ;
; Total PLLs                      ; 0                                              ;
; Total DLLs                      ; 0                                              ;
+---------------------------------+------------------------------------------------+


+---------------------------------------------------------------------------------------------------------------------------+
; Analysis & Synthesis Settings                                                                                             ;
+---------------------------------------------------------------------------------+--------------------+--------------------+
; Option                                                                          ; Setting            ; Default Value      ;
+---------------------------------------------------------------------------------+--------------------+--------------------+
; Device                                                                          ; 5CGXFC9D6F27C7     ;                    ;
; Top-level entity name                                                           ; AES_cipher         ; proj_AES_cipher    ;
; Family name                                                                     ; Cyclone V          ; Cyclone V          ;
; Maximum processors allowed for parallel compilation                             ; All                ;                    ;
; Use smart compilation                                                           ; Off                ; Off                ;
; Enable parallel Assembler and Timing Analyzer during compilation                ; On                 ; On                 ;
; Enable compact report table                                                     ; Off                ; Off                ;
; Restructure Multiplexers                                                        ; Auto               ; Auto               ;
; MLAB Add Timing Constraints For Mixed-Port Feed-Through Mode Setting Don't Care ; Off                ; Off                ;
; Create Debugging Nodes for IP Cores                                             ; Off                ; Off                ;
; Preserve fewer node names                                                       ; On                 ; On                 ;
; Intel FPGA IP Evaluation Mode                                                   ; Enable             ; Enable             ;
; Verilog Version                                                                 ; Verilog_2001       ; Verilog_2001       ;
; VHDL Version                                                                    ; VHDL_1993          ; VHDL_1993          ;
; State Machine Processing                                                        ; Auto               ; Auto               ;
; Safe State Machine                                                              ; Off                ; Off                ;
; Extract Verilog State Machines                                                  ; On                 ; On                 ;
; Extract VHDL State Machines                                                     ; On                 ; On                 ;
; Ignore Verilog initial constructs                                               ; Off                ; Off                ;
; Iteration limit for constant Verilog loops                                      ; 5000               ; 5000               ;
; Iteration limit for non-constant Verilog loops                                  ; 250                ; 250                ;
; Add Pass-Through Logic to Inferred RAMs                                         ; On                 ; On                 ;
; Infer RAMs from Raw Logic                                                       ; On                 ; On                 ;
; Parallel Synthesis                                                              ; On                 ; On                 ;
; DSP Block Balancing                                                             ; Auto               ; Auto               ;
; NOT Gate Push-Back                                                              ; On                 ; On                 ;
; Power-Up Don't Care                                                             ; On                 ; On                 ;
; Remove Redundant Logic Cells                                                    ; Off                ; Off                ;
; Remove Duplicate Registers                                                      ; On                 ; On                 ;
; Ignore CARRY Buffers                                                            ; Off                ; Off                ;
; Ignore CASCADE Buffers                                                          ; Off                ; Off                ;
; Ignore GLOBAL Buffers                                                           ; Off                ; Off                ;
; Ignore ROW GLOBAL Buffers                                                       ; Off                ; Off                ;
; Ignore LCELL Buffers                                                            ; Off                ; Off                ;
; Ignore SOFT Buffers                                                             ; On                 ; On                 ;
; Limit AHDL Integers to 32 Bits                                                  ; Off                ; Off                ;
; Optimization Technique                                                          ; Balanced           ; Balanced           ;
; Carry Chain Length                                                              ; 70                 ; 70                 ;
; Auto Carry Chains                                                               ; On                 ; On                 ;
; Auto Open-Drain Pins                                                            ; On                 ; On                 ;
; Perform WYSIWYG Primitive Resynthesis                                           ; Off                ; Off                ;
; Auto ROM Replacement                                                            ; On                 ; On                 ;
; Auto RAM Replacement                                                            ; On                 ; On                 ;
; Auto DSP Block Replacement                                                      ; On                 ; On                 ;
; Auto Shift Register Replacement                                                 ; Auto               ; Auto               ;
; Allow Shift Register Merging across Hierarchies                                 ; Auto               ; Auto               ;
; Auto Clock Enable Replacement                                                   ; On                 ; On                 ;
; Strict RAM Replacement                                                          ; Off                ; Off                ;
; Allow Synchronous Control Signals                                               ; On                 ; On                 ;
; Force Use of Synchronous Clear Signals                                          ; Off                ; Off                ;
; Auto Resource Sharing                                                           ; Off                ; Off                ;
; Allow Any RAM Size For Recognition                                              ; Off                ; Off                ;
; Allow Any ROM Size For Recognition                                              ; Off                ; Off                ;
; Allow Any Shift Register Size For Recognition                                   ; Off                ; Off                ;
; Use LogicLock Constraints during Resource Balancing                             ; On                 ; On                 ;
; Ignore translate_off and synthesis_off directives                               ; Off                ; Off                ;
; Timing-Driven Synthesis                                                         ; On                 ; On                 ;
; Report Parameter Settings                                                       ; On                 ; On                 ;
; Report Source Assignments                                                       ; On                 ; On                 ;
; Report Connectivity Checks                                                      ; On                 ; On                 ;
; Ignore Maximum Fan-Out Assignments                                              ; Off                ; Off                ;
; Synchronization Register Chain Length                                           ; 3                  ; 3                  ;
; Power Optimization During Synthesis                                             ; Normal compilation ; Normal compilation ;
; HDL message level                                                               ; Level2             ; Level2             ;
; Suppress Register Optimization Related Messages                                 ; Off                ; Off                ;
; Number of Removed Registers Reported in Synthesis Report                        ; 5000               ; 5000               ;
; Number of Swept Nodes Reported in Synthesis Report                              ; 5000               ; 5000               ;
; Number of Inverted Registers Reported in Synthesis Report                       ; 100                ; 100                ;
; Clock MUX Protection                                                            ; On                 ; On                 ;
; Auto Gated Clock Conversion                                                     ; Off                ; Off                ;
; Block Design Naming                                                             ; Auto               ; Auto               ;
; SDC constraint protection                                                       ; Off                ; Off                ;
; Synthesis Effort                                                                ; Auto               ; Auto               ;
; Shift Register Replacement - Allow Asynchronous Clear Signal                    ; On                 ; On                 ;
; Pre-Mapping Resynthesis Optimization                                            ; Off                ; Off                ;
; Analysis & Synthesis Message Level                                              ; Medium             ; Medium             ;
; Disable Register Merging Across Hierarchies                                     ; Auto               ; Auto               ;
; Resource Aware Inference For Block RAM                                          ; On                 ; On                 ;
; Automatic Parallel Synthesis                                                    ; On                 ; On                 ;
; Partial Reconfiguration Bitstream ID                                            ; Off                ; Off                ;
+---------------------------------------------------------------------------------+--------------------+--------------------+


+------------------------------------------+
; Parallel Compilation                     ;
+----------------------------+-------------+
; Processors                 ; Number      ;
+----------------------------+-------------+
; Number detected on machine ; 8           ;
; Maximum allowed            ; 4           ;
;                            ;             ;
; Average used               ; 1.00        ;
; Maximum used               ; 4           ;
;                            ;             ;
; Usage by Processor         ; % Time Used ;
;     Processor 1            ; 100.0%      ;
;     Processors 2-4         ;   0.0%      ;
+----------------------------+-------------+


+-----------------------------------------------------------------------------------------------------------------------------------------------------------+
; Analysis & Synthesis Source Files Read                                                                                                                    ;
+----------------------------------+-----------------+------------------------------+-------------------------------------------------------------+---------+
; File Name with User-Entered Path ; Used in Netlist ; File Type                    ; File Name with Absolute Path                                ; Library ;
+----------------------------------+-----------------+------------------------------+-------------------------------------------------------------+---------+
; ../db/AES_cipher.sv              ; yes             ; User SystemVerilog HDL File  ; C:/Users/Riccardo/Desktop/Progetto HES/HES/db/AES_cipher.sv ;         ;
+----------------------------------+-----------------+------------------------------+-------------------------------------------------------------+---------+


+----------------------------------------------------------------+
; Analysis & Synthesis Resource Usage Summary                    ;
+---------------------------------------------+------------------+
; Resource                                    ; Usage            ;
+---------------------------------------------+------------------+
; Estimate of Logic utilization (ALMs needed) ; 63               ;
;                                             ;                  ;
; Combinational ALUT usage for logic          ; 57               ;
;     -- 7 input functions                    ; 0                ;
;     -- 6 input functions                    ; 40               ;
;     -- 5 input functions                    ; 0                ;
;     -- 4 input functions                    ; 8                ;
;     -- <=3 input functions                  ; 9                ;
;                                             ;                  ;
; Dedicated logic registers                   ; 8                ;
;                                             ;                  ;
; Virtual pins                                ; 28               ;
; I/O pins                                    ; 1                ;
;                                             ;                  ;
; Total DSP Blocks                            ; 0                ;
;                                             ;                  ;
; Maximum fan-out node                        ; counter_block[0] ;
; Maximum fan-out                             ; 33               ;
; Total fan-out                               ; 339              ;
; Average fan-out                             ; 3.57             ;
+---------------------------------------------+------------------+


+----------------------------------------------------------------------------------------------------------------------------------------------------------------------------------------+
; Analysis & Synthesis Resource Utilization by Entity                                                                                                                                    ;
+----------------------------+---------------------+---------------------------+-------------------+------------+------+--------------+---------------------+-------------+--------------+
; Compilation Hierarchy Node ; Combinational ALUTs ; Dedicated Logic Registers ; Block Memory Bits ; DSP Blocks ; Pins ; Virtual Pins ; Full Hierarchy Name ; Entity Name ; Library Name ;
+----------------------------+---------------------+---------------------------+-------------------+------------+------+--------------+---------------------+-------------+--------------+
; |AES_cipher                ; 57 (57)             ; 8 (8)                     ; 0                 ; 0          ; 1    ; 28           ; |AES_cipher         ; AES_cipher  ; work         ;
+----------------------------+---------------------+---------------------------+-------------------+------------+------+--------------+---------------------+-------------+--------------+
Note: For table entries with two numbers listed, the numbers in parentheses indicate the number of resources of the given type used by the specific entity alone. The numbers listed outside of parentheses indicate the total resources of the given type used by the specific entity and all of its sub-entities in the hierarchy.


+------------------------------------------------------+
; General Register Statistics                          ;
+----------------------------------------------+-------+
; Statistic                                    ; Value ;
+----------------------------------------------+-------+
; Total registers                              ; 8     ;
; Number of registers using Synchronous Clear  ; 0     ;
; Number of registers using Synchronous Load   ; 8     ;
; Number of registers using Asynchronous Clear ; 8     ;
; Number of registers using Asynchronous Load  ; 0     ;
; Number of registers using Clock Enable       ; 0     ;
; Number of registers using Preset             ; 0     ;
+----------------------------------------------+-------+


+------------------------------------------------------------------------------------------------------------------------------------------+
; Multiplexer Restructuring Statistics (Restructuring Performed)                                                                           ;
+--------------------+-----------+---------------+----------------------+------------------------+------------+----------------------------+
; Multiplexer Inputs ; Bus Width ; Baseline Area ; Area if Restructured ; Saving if Restructured ; Registered ; Example Multiplexer Output ;
+--------------------+-----------+---------------+----------------------+------------------------+------------+----------------------------+
; 3:1                ; 8 bits    ; 16 LEs        ; 16 LEs               ; 0 LEs                  ; No         ; |AES_cipher|data_out       ;
+--------------------+-----------+---------------+----------------------+------------------------+------------+----------------------------+


+-----------------------------------------------------+
; Post-Synthesis Netlist Statistics for Top Partition ;
+-----------------------+-----------------------------+
; Type                  ; Count                       ;
+-----------------------+-----------------------------+
; arriav_ff             ; 8                           ;
;     CLR SLD           ; 8                           ;
; arriav_lcell_comb     ; 58                          ;
;     arith             ; 8                           ;
;         1 data inputs ; 8                           ;
;     normal            ; 50                          ;
;         1 data inputs ; 1                           ;
;         2 data inputs ; 1                           ;
;         4 data inputs ; 8                           ;
;         6 data inputs ; 40                          ;
; boundary_port         ; 29                          ;
;                       ;                             ;
; Max LUT depth         ; 3.00                        ;
; Average LUT depth     ; 2.22                        ;
+-----------------------+-----------------------------+


+-------------------------------+
; Elapsed Time Per Partition    ;
+----------------+--------------+
; Partition Name ; Elapsed Time ;
+----------------+--------------+
; Top            ; 00:00:00     ;
+----------------+--------------+


+-------------------------------+
; Analysis & Synthesis Messages ;
+-------------------------------+
Info: *******************************************************************
Info: Running Quartus Prime Analysis & Synthesis
    Info: Version 23.1std.0 Build 991 11/28/2023 SC Lite Edition
    Info: Processing started: Tue May 14 11:41:13 2024
Info: Command: quartus_map --read_settings_files=on --write_settings_files=off proj_AES_cipher -c proj_AES_cipher
Info (20030): Parallel compilation is enabled and will use 4 of the 4 processors detected
Info (12021): Found 1 design units, including 1 entities, in source file /users/riccardo/desktop/progetto hes/hes/db/aes_cipher.sv
    Info (12023): Found entity 1: AES_cipher File: C:/Users/Riccardo/Desktop/Progetto HES/HES/db/AES_cipher.sv Line: 1
Info (12127): Elaborating entity "AES_cipher" for the top level hierarchy
Info (286030): Timing-Driven Synthesis is running
Info (16010): Generating hard_block partition "hard_block:auto_generated_inst"
    Info (16011): Adding 0 node(s), including 0 DDIO, 0 PLL, 0 transceiver and 0 LCELL
Info (15717): Design contains 28 virtual pins; timing numbers associated with paths containing virtual pins are estimates
    Info (15719): Pin "data_out[0]" is virtual output pin File: C:/Users/Riccardo/Desktop/Progetto HES/HES/db/AES_cipher.sv Line: 8
    Info (15719): Pin "data_out[1]" is virtual output pin File: C:/Users/Riccardo/Desktop/Progetto HES/HES/db/AES_cipher.sv Line: 8
    Info (15719): Pin "data_out[2]" is virtual output pin File: C:/Users/Riccardo/Desktop/Progetto HES/HES/db/AES_cipher.sv Line: 8
    Info (15719): Pin "data_out[3]" is virtual output pin File: C:/Users/Riccardo/Desktop/Progetto HES/HES/db/AES_cipher.sv Line: 8
    Info (15719): Pin "data_out[4]" is virtual output pin File: C:/Users/Riccardo/Desktop/Progetto HES/HES/db/AES_cipher.sv Line: 8
    Info (15719): Pin "data_out[5]" is virtual output pin File: C:/Users/Riccardo/Desktop/Progetto HES/HES/db/AES_cipher.sv Line: 8
    Info (15719): Pin "data_out[6]" is virtual output pin File: C:/Users/Riccardo/Desktop/Progetto HES/HES/db/AES_cipher.sv Line: 8
    Info (15719): Pin "data_out[7]" is virtual output pin File: C:/Users/Riccardo/Desktop/Progetto HES/HES/db/AES_cipher.sv Line: 8
    Info (15719): Pin "valid_out" is virtual output pin File: C:/Users/Riccardo/Desktop/Progetto HES/HES/db/AES_cipher.sv Line: 10
    Info (15718): Pin "data_in[0]" is virtual input pin File: C:/Users/Riccardo/Desktop/Progetto HES/HES/db/AES_cipher.sv Line: 7
    Info (15718): Pin "reset_n" is virtual input pin File: C:/Users/Riccardo/Desktop/Progetto HES/HES/db/AES_cipher.sv Line: 3
    Info (15718): Pin "valid_in" is virtual input pin File: C:/Users/Riccardo/Desktop/Progetto HES/HES/db/AES_cipher.sv Line: 4
    Info (15718): Pin "data_in[1]" is virtual input pin File: C:/Users/Riccardo/Desktop/Progetto HES/HES/db/AES_cipher.sv Line: 7
    Info (15718): Pin "data_in[2]" is virtual input pin File: C:/Users/Riccardo/Desktop/Progetto HES/HES/db/AES_cipher.sv Line: 7
    Info (15718): Pin "data_in[3]" is virtual input pin File: C:/Users/Riccardo/Desktop/Progetto HES/HES/db/AES_cipher.sv Line: 7
    Info (15718): Pin "data_in[4]" is virtual input pin File: C:/Users/Riccardo/Desktop/Progetto HES/HES/db/AES_cipher.sv Line: 7
    Info (15718): Pin "data_in[5]" is virtual input pin File: C:/Users/Riccardo/Desktop/Progetto HES/HES/db/AES_cipher.sv Line: 7
    Info (15718): Pin "data_in[6]" is virtual input pin File: C:/Users/Riccardo/Desktop/Progetto HES/HES/db/AES_cipher.sv Line: 7
    Info (15718): Pin "data_in[7]" is virtual input pin File: C:/Users/Riccardo/Desktop/Progetto HES/HES/db/AES_cipher.sv Line: 7
    Info (15718): Pin "key[0]" is virtual input pin File: C:/Users/Riccardo/Desktop/Progetto HES/HES/db/AES_cipher.sv Line: 6
    Info (15718): Pin "new_message" is virtual input pin File: C:/Users/Riccardo/Desktop/Progetto HES/HES/db/AES_cipher.sv Line: 5
    Info (15718): Pin "key[1]" is virtual input pin File: C:/Users/Riccardo/Desktop/Progetto HES/HES/db/AES_cipher.sv Line: 6
    Info (15718): Pin "key[7]" is virtual input pin File: C:/Users/Riccardo/Desktop/Progetto HES/HES/db/AES_cipher.sv Line: 6
    Info (15718): Pin "key[6]" is virtual input pin File: C:/Users/Riccardo/Desktop/Progetto HES/HES/db/AES_cipher.sv Line: 6
    Info (15718): Pin "key[4]" is virtual input pin File: C:/Users/Riccardo/Desktop/Progetto HES/HES/db/AES_cipher.sv Line: 6
    Info (15718): Pin "key[5]" is virtual input pin File: C:/Users/Riccardo/Desktop/Progetto HES/HES/db/AES_cipher.sv Line: 6
    Info (15718): Pin "key[3]" is virtual input pin File: C:/Users/Riccardo/Desktop/Progetto HES/HES/db/AES_cipher.sv Line: 6
    Info (15718): Pin "key[2]" is virtual input pin File: C:/Users/Riccardo/Desktop/Progetto HES/HES/db/AES_cipher.sv Line: 6
Info (21057): Implemented 86 device resources after synthesis - the final resource count might be different
    Info (21058): Implemented 1 input pins
    Info (21059): Implemented 0 output pins
    Info (21061): Implemented 85 logic cells
Info: Quartus Prime Analysis & Synthesis was successful. 0 errors, 0 warnings
    Info: Peak virtual memory: 4833 megabytes
    Info: Processing ended: Tue May 14 11:41:29 2024
    Info: Elapsed time: 00:00:16
    Info: Total CPU time (on all processors): 00:00:24


