Flow report for proj_AES_cipher
Tue May 14 17:20:52 2024
Quartus Prime Version 23.1std.0 Build 991 11/28/2023 SC Lite Edition


---------------------
; Table of Contents ;
---------------------
  1. Legal Notice
  2. Flow Summary
  3. Flow Settings
  4. Flow Non-Default Global Settings
  5. Flow Elapsed Time
  6. Flow OS Summary
  7. Flow Log
  8. Flow Messages
  9. Flow Suppressed Messages



----------------
; Legal Notice ;
----------------
Copyright (C) 2023  Intel Corporation. All rights reserved.
Your use of Intel Corporation's design tools, logic functions 
and other software and tools, and any partner logic 
functions, and any output files from any of the foregoing 
(including device programming or simulation files), and any 
associated documentation or information are expressly subject 
to the terms and conditions of the Intel Program License 
Subscription Agreement, the Intel Quartus Prime License Agreement,
the Intel FPGA IP License Agreement, or other applicable license
agreement, including, without limitation, that your use is for
the sole purpose of programming logic devices manufactured by
Intel and sold by Intel or its authorized distributors.  Please
refer to the applicable agreement for further details, at
https://fpgasoftware.intel.com/eula.



+----------------------------------------------------------------------------------+
; Flow Summary                                                                     ;
+---------------------------------+------------------------------------------------+
; Flow Status                     ; Successful - Tue May 14 17:20:47 2024          ;
; Quartus Prime Version           ; 23.1std.0 Build 991 11/28/2023 SC Lite Edition ;
; Revision Name                   ; proj_AES_cipher                                ;
; Top-level Entity Name           ; AES_cipher                                     ;
; Family                          ; Cyclone V                                      ;
; Device                          ; 5CGXFC9D6F27C7                                 ;
; Timing Models                   ; Final                                          ;
; Logic utilization (in ALMs)     ; 63 / 113,560 ( < 1 % )                         ;
; Total registers                 ; 13                                             ;
; Total pins                      ; 1 / 378 ( < 1 % )                              ;
; Total virtual pins              ; 28                                             ;
; Total block memory bits         ; 0 / 12,492,800 ( 0 % )                         ;
; Total DSP Blocks                ; 0 / 342 ( 0 % )                                ;
; Total HSSI RX PCSs              ; 0 / 9 ( 0 % )                                  ;
; Total HSSI PMA RX Deserializers ; 0 / 9 ( 0 % )                                  ;
; Total HSSI TX PCSs              ; 0 / 9 ( 0 % )                                  ;
; Total HSSI PMA TX Serializers   ; 0 / 9 ( 0 % )                                  ;
; Total PLLs                      ; 0 / 17 ( 0 % )                                 ;
; Total DLLs                      ; 0 / 4 ( 0 % )                                  ;
+---------------------------------+------------------------------------------------+


+-----------------------------------------+
; Flow Settings                           ;
+-------------------+---------------------+
; Option            ; Setting             ;
+-------------------+---------------------+
; Start date & time ; 05/14/2024 17:19:46 ;
; Main task         ; Compilation         ;
; Revision Name     ; proj_AES_cipher     ;
+-------------------+---------------------+


+---------------------------------------------------------------------------------------------------------------------------+
; Flow Non-Default Global Settings                                                                                          ;
+-------------------------------------+----------------------------------------+-----------------+-------------+------------+
; Assignment Name                     ; Value                                  ; Default Value   ; Entity Name ; Section Id ;
+-------------------------------------+----------------------------------------+-----------------+-------------+------------+
; COMPILER_SIGNATURE_ID               ; 5311877402957.171569998614604          ; --              ; --          ; --         ;
; MAX_CORE_JUNCTION_TEMP              ; 85                                     ; --              ; --          ; --         ;
; MIN_CORE_JUNCTION_TEMP              ; 0                                      ; --              ; --          ; --         ;
; NUM_PARALLEL_PROCESSORS             ; All                                    ; --              ; --          ; --         ;
; PARTITION_COLOR                     ; -- (Not supported for targeted family) ; --              ; AES_cipher  ; Top        ;
; PARTITION_FITTER_PRESERVATION_LEVEL ; -- (Not supported for targeted family) ; --              ; AES_cipher  ; Top        ;
; PARTITION_NETLIST_TYPE              ; -- (Not supported for targeted family) ; --              ; AES_cipher  ; Top        ;
; POWER_BOARD_THERMAL_MODEL           ; None (CONSERVATIVE)                    ; --              ; --          ; --         ;
; POWER_PRESET_COOLING_SOLUTION       ; 23 MM HEAT SINK WITH 200 LFPM AIRFLOW  ; --              ; --          ; --         ;
; PROJECT_OUTPUT_DIRECTORY            ; output_files                           ; --              ; --          ; --         ;
; TOP_LEVEL_ENTITY                    ; AES_cipher                             ; proj_AES_cipher ; --          ; --         ;
+-------------------------------------+----------------------------------------+-----------------+-------------+------------+


+--------------------------------------------------------------------------------------------------------------------------+
; Flow Elapsed Time                                                                                                        ;
+----------------------+--------------+-------------------------+---------------------+------------------------------------+
; Module Name          ; Elapsed Time ; Average Processors Used ; Peak Virtual Memory ; Total CPU Time (on all processors) ;
+----------------------+--------------+-------------------------+---------------------+------------------------------------+
; Analysis & Synthesis ; 00:00:07     ; 1.0                     ; 4855 MB             ; 00:00:07                           ;
; Fitter               ; 00:00:42     ; 1.0                     ; 7232 MB             ; 00:01:08                           ;
; Assembler            ; 00:00:10     ; 1.0                     ; 4870 MB             ; 00:00:05                           ;
; Timing Analyzer      ; 00:00:03     ; 1.1                     ; 5284 MB             ; 00:00:02                           ;
; Total                ; 00:01:02     ; --                      ; --                  ; 00:01:22                           ;
+----------------------+--------------+-------------------------+---------------------+------------------------------------+


+------------------------------------------------------------------------------------+
; Flow OS Summary                                                                    ;
+----------------------+------------------+------------+------------+----------------+
; Module Name          ; Machine Hostname ; OS Name    ; OS Version ; Processor type ;
+----------------------+------------------+------------+------------+----------------+
; Analysis & Synthesis ; PC-LEO           ; Windows 10 ; 10.0       ; x86_64         ;
; Fitter               ; PC-LEO           ; Windows 10 ; 10.0       ; x86_64         ;
; Assembler            ; PC-LEO           ; Windows 10 ; 10.0       ; x86_64         ;
; Timing Analyzer      ; PC-LEO           ; Windows 10 ; 10.0       ; x86_64         ;
+----------------------+------------------+------------+------------+----------------+


------------
; Flow Log ;
------------
quartus_map --read_settings_files=on --write_settings_files=off proj_AES_cipher -c proj_AES_cipher
quartus_fit --read_settings_files=off --write_settings_files=off proj_AES_cipher -c proj_AES_cipher
quartus_asm --read_settings_files=off --write_settings_files=off proj_AES_cipher -c proj_AES_cipher
quartus_sta proj_AES_cipher -c proj_AES_cipher



